<?xml version="1.0" encoding="UTF-8" standalone="no"?>
<fragment xmlns="http://schemas.haulmont.com/cuba/screen/fragment.xsd"
          xmlns:chart="http://schemas.haulmont.com/charts/charts.xsd">
    <layout>
        <chart:pieChart id="cakePriceChart"
                        height="100%"
                        titleField="priceGroup"
                        valueField="quantity"
                        width="100%">
            <chart:legend autoMargins="false"
                          marginRight="80"
                          markerType="CIRCLE"
                          position="RIGHT"/>
            <chart:balloon fixedPosition="true"/>
            <chart:export/>


            <chart:titles>
                <chart:title alpha="1"
                             bold="true"
                             color="DARKSLATEGREY"
                             size="20"
                             tabIndex="0"
                             text="GrÃ¡fica de pasteles"/>
                <chart:title alpha="0.5"
                             color="BLACK"
                             size="12"
                             text="Existencias por descuento"/>
            </chart:titles>
        </chart:pieChart>
    </layout>
</fragment>
